2025-07-12 09:04:32,051 - INFO - root - Logging has been configured.
2025-07-12 09:04:32,051 - INFO - root - FlashZap application starting.
2025-07-12 09:04:33,828 - INFO - root - User selected 'Review Due Cards' option.
2025-07-12 09:04:33,828 - INFO - root - Creating DB session for review session.
2025-07-12 09:04:33,828 - INFO - root - Starting a new review session.
2025-07-12 09:04:33,874 - INFO - root - Presenting card id 173 to the user.
2025-07-12 09:04:39,969 - INFO - root - User submitted an answer for card id 173.
2025-07-12 09:04:39,975 - INFO - root - Sending prompt to AI for grading.
2025-07-12 09:04:40,466 - INFO - root - Received response from AI.
2025-07-12 09:04:40,467 - INFO - root - AI graded card id 173 as 'Correct'.
2025-07-12 09:04:40,467 - INFO - root - Promoting card id 173. Current mastery level: 3
2025-07-12 09:04:40,467 - INFO - root - Card id 173 promoted to mastery level 4. Next review in 4 days.
2025-07-12 09:04:40,547 - INFO - root - AI feedback for card id 173: åwietnie! Odpowiedü jest poprawna.
2025-07-12 09:04:41,514 - INFO - root - Presenting card id 231 to the user.
2025-07-12 09:04:53,197 - INFO - root - User submitted an answer for card id 231.
2025-07-12 09:04:53,198 - INFO - root - Sending prompt to AI for grading.
2025-07-12 09:04:53,591 - INFO - root - Received response from AI.
2025-07-12 09:04:53,592 - INFO - root - AI graded card id 231 as 'Correct'.
2025-07-12 09:04:53,592 - INFO - root - Promoting card id 231. Current mastery level: 3
2025-07-12 09:04:53,592 - INFO - root - Card id 231 promoted to mastery level 4. Next review in 4 days.
2025-07-12 09:04:53,675 - INFO - root - AI feedback for card id 231: åwietnie! Twoja odpowiedü zawiera wszystkie kluczowe sk≥adniki odøywcze wymienione w prawid≥owej odpowiedzi.
2025-07-12 09:04:56,044 - INFO - root - Presenting card id 202 to the user.
2025-07-12 09:04:58,985 - INFO - root - DB session for review session closed.
